<?xml version="1.0" encoding="UTF-8"?>
<testng-results skipped="0" failed="0" ignored="0" total="1" passed="1">
  <reporter-output>
  </reporter-output>
  <suite name="Default suite" duration-ms="1817" started-at="2018-09-05T12:42:16Z" finished-at="2018-09-05T12:42:18Z">
    <groups>
    </groups>
    <test name="Default test" duration-ms="1817" started-at="2018-09-05T12:42:16Z" finished-at="2018-09-05T12:42:18Z">
      <class name="getdata.DeletAtul">
        <test-method status="PASS" signature="setup()[pri:0, instance:getdata.DeletAtul@5034c75a]" name="setup" is-config="true" duration-ms="458" started-at="2018-09-05T18:12:16Z" finished-at="2018-09-05T18:12:16Z">
          <reporter-output>
          </reporter-output>
        </test-method> <!-- setup -->
        <test-method status="PASS" signature="deletData()[pri:0, instance:getdata.DeletAtul@5034c75a]" name="deletData" duration-ms="1333" started-at="2018-09-05T18:12:16Z" finished-at="2018-09-05T18:12:18Z">
          <reporter-output>
          </reporter-output>
        </test-method> <!-- deletData -->
      </class> <!-- getdata.DeletAtul -->
    </test> <!-- Default test -->
  </suite> <!-- Default suite -->
</testng-results>
