<?xml version="1.0" encoding="UTF-8"?>
<testng-results skipped="0" failed="0" ignored="0" total="1" passed="1">
  <reporter-output>
  </reporter-output>
  <suite name="Default suite" duration-ms="2250" started-at="2018-09-01T07:21:00Z" finished-at="2018-09-01T07:21:02Z">
    <groups>
    </groups>
    <test name="Default test" duration-ms="2250" started-at="2018-09-01T07:21:00Z" finished-at="2018-09-01T07:21:02Z">
      <class name="getdata.GetDataAtul">
        <test-method status="PASS" signature="setup()[pri:0, instance:getdata.GetDataAtul@51efea79]" name="setup" is-config="true" duration-ms="417" started-at="2018-09-01T12:51:00Z" finished-at="2018-09-01T12:51:00Z">
          <reporter-output>
          </reporter-output>
        </test-method> <!-- setup -->
        <test-method status="PASS" signature="getData()[pri:0, instance:getdata.GetDataAtul@51efea79]" name="getData" duration-ms="1811" started-at="2018-09-01T12:51:00Z" finished-at="2018-09-01T12:51:02Z">
          <reporter-output>
          </reporter-output>
        </test-method> <!-- getData -->
      </class> <!-- getdata.GetDataAtul -->
    </test> <!-- Default test -->
  </suite> <!-- Default suite -->
</testng-results>
