<?xml version="1.0" encoding="UTF-8"?>
<testng-results skipped="0" failed="0" ignored="0" total="1" passed="1">
  <reporter-output>
  </reporter-output>
  <suite name="Default suite" duration-ms="4049" started-at="2018-08-30T14:17:42Z" finished-at="2018-08-30T14:17:46Z">
    <groups>
    </groups>
    <test name="Default test" duration-ms="4049" started-at="2018-08-30T14:17:42Z" finished-at="2018-08-30T14:17:46Z">
      <class name="com.qa.base.utilities.JsonParserDemo">
        <test-method status="PASS" signature="setup()[pri:0, instance:com.qa.base.utilities.JsonParserDemo@36d4b5c]" name="setup" is-config="true" duration-ms="10" started-at="2018-08-30T19:47:42Z" finished-at="2018-08-30T19:47:42Z">
          <reporter-output>
          </reporter-output>
        </test-method> <!-- setup -->
        <test-method status="PASS" signature="getData()[pri:0, instance:com.qa.base.utilities.JsonParserDemo@36d4b5c]" name="getData" duration-ms="4015" started-at="2018-08-30T19:47:42Z" finished-at="2018-08-30T19:47:46Z">
          <reporter-output>
          </reporter-output>
        </test-method> <!-- getData -->
      </class> <!-- com.qa.base.utilities.JsonParserDemo -->
    </test> <!-- Default test -->
  </suite> <!-- Default suite -->
</testng-results>
