<?xml version="1.0" encoding="UTF-8"?>
<testng-results skipped="0" failed="0" ignored="0" total="1" passed="1">
  <reporter-output>
  </reporter-output>
  <suite name="Default suite" duration-ms="1810" started-at="2018-09-01T07:55:00Z" finished-at="2018-09-01T07:55:02Z">
    <groups>
    </groups>
    <test name="Default test" duration-ms="1810" started-at="2018-09-01T07:55:00Z" finished-at="2018-09-01T07:55:02Z">
      <class name="testcases.GetSeverData">
        <test-method status="PASS" signature="setup()[pri:0, instance:testcases.GetSeverData@36d4b5c]" name="setup" is-config="true" duration-ms="429" started-at="2018-09-01T13:25:00Z" finished-at="2018-09-01T13:25:01Z">
          <reporter-output>
          </reporter-output>
        </test-method> <!-- setup -->
        <test-method status="PASS" signature="getServerData()[pri:0, instance:testcases.GetSeverData@36d4b5c]" name="getServerData" duration-ms="1355" started-at="2018-09-01T13:25:01Z" finished-at="2018-09-01T13:25:02Z">
          <reporter-output>
          </reporter-output>
        </test-method> <!-- getServerData -->
      </class> <!-- testcases.GetSeverData -->
    </test> <!-- Default test -->
  </suite> <!-- Default suite -->
</testng-results>
